2015-01-09 00:54:08,689 [main] ERROR [com.opensymphony.xwork2.util.finder.ClassFinder] - Unable to read class [com.xunx.core.orm.mybatis.MyBatisDao]
Could not load org/mybatis/spring/support/SqlSessionDaoSupport.class - [unknown location]
	at com.opensymphony.xwork2.util.finder.ClassFinder.readClassDef(ClassFinder.java:769)
	at com.opensymphony.xwork2.util.finder.ClassFinder.access$400(ClassFinder.java:48)
	at com.opensymphony.xwork2.util.finder.ClassFinder$InfoBuildingVisitor.extractSuperInterfaces(ClassFinder.java:814)
	at com.opensymphony.xwork2.util.finder.ClassFinder$InfoBuildingVisitor.visit(ClassFinder.java:801)
	at org.objectweb.asm.xwork.ClassReader.accept(Unknown Source)
	at org.objectweb.asm.xwork.ClassReader.accept(Unknown Source)
	at com.opensymphony.xwork2.util.finder.ClassFinder.readClassDef(ClassFinder.java:764)
	at com.opensymphony.xwork2.util.finder.ClassFinder.<init>(ClassFinder.java:149)
	at org.apache.struts2.convention.PackageBasedActionConfigBuilder.findActions(PackageBasedActionConfigBuilder.java:352)
	at org.apache.struts2.convention.PackageBasedActionConfigBuilder.buildActionConfigs(PackageBasedActionConfigBuilder.java:317)
	at org.apache.struts2.convention.ClasspathPackageProvider.loadPackages(ClasspathPackageProvider.java:53)
	at com.opensymphony.xwork2.config.impl.DefaultConfiguration.reloadContainer(DefaultConfiguration.java:204)
	at com.opensymphony.xwork2.config.ConfigurationManager.getConfiguration(ConfigurationManager.java:55)
	at org.apache.struts2.dispatcher.Dispatcher.init_PreloadConfiguration(Dispatcher.java:374)
	at org.apache.struts2.dispatcher.Dispatcher.init(Dispatcher.java:418)
	at org.apache.struts2.dispatcher.ng.InitOperations.initDispatcher(InitOperations.java:69)
	at org.apache.struts2.dispatcher.ng.filter.StrutsPrepareAndExecuteFilter.init(StrutsPrepareAndExecuteFilter.java:51)
	at org.mortbay.jetty.servlet.FilterHolder.doStart(FilterHolder.java:97)
	at org.mortbay.component.AbstractLifeCycle.start(AbstractLifeCycle.java:50)
	at org.mortbay.jetty.servlet.ServletHandler.initialize(ServletHandler.java:662)
	at org.mortbay.jetty.servlet.Context.startContext(Context.java:140)
	at org.mortbay.jetty.webapp.WebAppContext.startContext(WebAppContext.java:1272)
	at org.mortbay.jetty.handler.ContextHandler.doStart(ContextHandler.java:517)
	at org.mortbay.jetty.webapp.WebAppContext.doStart(WebAppContext.java:489)
	at org.mortbay.component.AbstractLifeCycle.start(AbstractLifeCycle.java:50)
	at org.mortbay.jetty.handler.HandlerWrapper.doStart(HandlerWrapper.java:130)
	at org.mortbay.jetty.Server.doStart(Server.java:224)
	at org.mortbay.component.AbstractLifeCycle.start(AbstractLifeCycle.java:50)
	at com.xunx.pgywxy.Start.main(Start.java:20)
2015-01-09 01:06:17,870 [main] ERROR [com.opensymphony.xwork2.util.finder.ClassFinder] - Unable to read class [com.xunx.core.orm.mybatis.MyBatisDao]
Could not load org/mybatis/spring/support/SqlSessionDaoSupport.class - [unknown location]
	at com.opensymphony.xwork2.util.finder.ClassFinder.readClassDef(ClassFinder.java:769)
	at com.opensymphony.xwork2.util.finder.ClassFinder.access$400(ClassFinder.java:48)
	at com.opensymphony.xwork2.util.finder.ClassFinder$InfoBuildingVisitor.extractSuperInterfaces(ClassFinder.java:814)
	at com.opensymphony.xwork2.util.finder.ClassFinder$InfoBuildingVisitor.visit(ClassFinder.java:801)
	at org.objectweb.asm.xwork.ClassReader.accept(Unknown Source)
	at org.objectweb.asm.xwork.ClassReader.accept(Unknown Source)
	at com.opensymphony.xwork2.util.finder.ClassFinder.readClassDef(ClassFinder.java:764)
	at com.opensymphony.xwork2.util.finder.ClassFinder.<init>(ClassFinder.java:149)
	at org.apache.struts2.convention.PackageBasedActionConfigBuilder.findActions(PackageBasedActionConfigBuilder.java:352)
	at org.apache.struts2.convention.PackageBasedActionConfigBuilder.buildActionConfigs(PackageBasedActionConfigBuilder.java:317)
	at org.apache.struts2.convention.ClasspathPackageProvider.loadPackages(ClasspathPackageProvider.java:53)
	at com.opensymphony.xwork2.config.impl.DefaultConfiguration.reloadContainer(DefaultConfiguration.java:204)
	at com.opensymphony.xwork2.config.ConfigurationManager.getConfiguration(ConfigurationManager.java:55)
	at org.apache.struts2.dispatcher.Dispatcher.init_PreloadConfiguration(Dispatcher.java:374)
	at org.apache.struts2.dispatcher.Dispatcher.init(Dispatcher.java:418)
	at org.apache.struts2.dispatcher.ng.InitOperations.initDispatcher(InitOperations.java:69)
	at org.apache.struts2.dispatcher.ng.filter.StrutsPrepareAndExecuteFilter.init(StrutsPrepareAndExecuteFilter.java:51)
	at org.mortbay.jetty.servlet.FilterHolder.doStart(FilterHolder.java:97)
	at org.mortbay.component.AbstractLifeCycle.start(AbstractLifeCycle.java:50)
	at org.mortbay.jetty.servlet.ServletHandler.initialize(ServletHandler.java:662)
	at org.mortbay.jetty.servlet.Context.startContext(Context.java:140)
	at org.mortbay.jetty.webapp.WebAppContext.startContext(WebAppContext.java:1272)
	at org.mortbay.jetty.handler.ContextHandler.doStart(ContextHandler.java:517)
	at org.mortbay.jetty.webapp.WebAppContext.doStart(WebAppContext.java:489)
	at org.mortbay.component.AbstractLifeCycle.start(AbstractLifeCycle.java:50)
	at org.mortbay.jetty.handler.HandlerWrapper.doStart(HandlerWrapper.java:130)
	at org.mortbay.jetty.Server.doStart(Server.java:224)
	at org.mortbay.component.AbstractLifeCycle.start(AbstractLifeCycle.java:50)
	at com.xunx.pgywxy.Start.main(Start.java:20)
2015-01-09 01:07:54,789 [main] ERROR [com.opensymphony.xwork2.util.finder.ClassFinder] - Unable to read class [com.xunx.core.orm.mybatis.MyBatisDao]
Could not load org/mybatis/spring/support/SqlSessionDaoSupport.class - [unknown location]
	at com.opensymphony.xwork2.util.finder.ClassFinder.readClassDef(ClassFinder.java:769)
	at com.opensymphony.xwork2.util.finder.ClassFinder.access$400(ClassFinder.java:48)
	at com.opensymphony.xwork2.util.finder.ClassFinder$InfoBuildingVisitor.extractSuperInterfaces(ClassFinder.java:814)
	at com.opensymphony.xwork2.util.finder.ClassFinder$InfoBuildingVisitor.visit(ClassFinder.java:801)
	at org.objectweb.asm.xwork.ClassReader.accept(Unknown Source)
	at org.objectweb.asm.xwork.ClassReader.accept(Unknown Source)
	at com.opensymphony.xwork2.util.finder.ClassFinder.readClassDef(ClassFinder.java:764)
	at com.opensymphony.xwork2.util.finder.ClassFinder.<init>(ClassFinder.java:149)
	at org.apache.struts2.convention.PackageBasedActionConfigBuilder.findActions(PackageBasedActionConfigBuilder.java:352)
	at org.apache.struts2.convention.PackageBasedActionConfigBuilder.buildActionConfigs(PackageBasedActionConfigBuilder.java:317)
	at org.apache.struts2.convention.ClasspathPackageProvider.loadPackages(ClasspathPackageProvider.java:53)
	at com.opensymphony.xwork2.config.impl.DefaultConfiguration.reloadContainer(DefaultConfiguration.java:204)
	at com.opensymphony.xwork2.config.ConfigurationManager.getConfiguration(ConfigurationManager.java:55)
	at org.apache.struts2.dispatcher.Dispatcher.init_PreloadConfiguration(Dispatcher.java:374)
	at org.apache.struts2.dispatcher.Dispatcher.init(Dispatcher.java:418)
	at org.apache.struts2.dispatcher.ng.InitOperations.initDispatcher(InitOperations.java:69)
	at org.apache.struts2.dispatcher.ng.filter.StrutsPrepareAndExecuteFilter.init(StrutsPrepareAndExecuteFilter.java:51)
	at org.mortbay.jetty.servlet.FilterHolder.doStart(FilterHolder.java:97)
	at org.mortbay.component.AbstractLifeCycle.start(AbstractLifeCycle.java:50)
	at org.mortbay.jetty.servlet.ServletHandler.initialize(ServletHandler.java:662)
	at org.mortbay.jetty.servlet.Context.startContext(Context.java:140)
	at org.mortbay.jetty.webapp.WebAppContext.startContext(WebAppContext.java:1272)
	at org.mortbay.jetty.handler.ContextHandler.doStart(ContextHandler.java:517)
	at org.mortbay.jetty.webapp.WebAppContext.doStart(WebAppContext.java:489)
	at org.mortbay.component.AbstractLifeCycle.start(AbstractLifeCycle.java:50)
	at org.mortbay.jetty.handler.HandlerWrapper.doStart(HandlerWrapper.java:130)
	at org.mortbay.jetty.Server.doStart(Server.java:224)
	at org.mortbay.component.AbstractLifeCycle.start(AbstractLifeCycle.java:50)
	at com.xunx.pgywxy.Start.main(Start.java:20)
